0 info it worked if it ends with ok
1 verbose cli [ '/usr/local/bin/node', '/usr/local/bin/npm', 'run', 'test' ]
2 info using npm@3.10.5
3 info using node@v6.2.2
4 verbose run-script [ 'pretest', 'test', 'posttest' ]
5 info lifecycle roots-wordpress@0.3.1~pretest: roots-wordpress@0.3.1
6 silly lifecycle roots-wordpress@0.3.1~pretest: no script for pretest, continuing
7 info lifecycle roots-wordpress@0.3.1~test: roots-wordpress@0.3.1
8 verbose lifecycle roots-wordpress@0.3.1~test: unsafe-perm in lifecycle true
9 verbose lifecycle roots-wordpress@0.3.1~test: PATH: /usr/local/lib/node_modules/npm/bin/node-gyp-bin:/Users/Olly/workspace/roots-wordpress-tags/node_modules/.bin:/usr/local/bin:/Users/Olly/.rvm/gems/ruby-2.3.0/bin:/Users/Olly/.rvm/gems/ruby-2.3.0@global/bin:/Users/Olly/.rvm/rubies/ruby-2.3.0/bin:/usr/local/bin:/usr/bin:/bin:/usr/sbin:/sbin:/Users/Olly/.rvm/bin
10 verbose lifecycle roots-wordpress@0.3.1~test: CWD: /Users/Olly/workspace/roots-wordpress-tags
11 silly lifecycle roots-wordpress@0.3.1~test: Args: [ '-c', 'mocha' ]
12 silly lifecycle roots-wordpress@0.3.1~test: Returned: code: 3  signal: null
13 info lifecycle roots-wordpress@0.3.1~test: Failed to exec test script
14 verbose stack Error: roots-wordpress@0.3.1 test: `mocha`
14 verbose stack Exit status 3
14 verbose stack     at EventEmitter.<anonymous> (/usr/local/lib/node_modules/npm/lib/utils/lifecycle.js:242:16)
14 verbose stack     at emitTwo (events.js:106:13)
14 verbose stack     at EventEmitter.emit (events.js:191:7)
14 verbose stack     at ChildProcess.<anonymous> (/usr/local/lib/node_modules/npm/lib/utils/spawn.js:40:14)
14 verbose stack     at emitTwo (events.js:106:13)
14 verbose stack     at ChildProcess.emit (events.js:191:7)
14 verbose stack     at maybeClose (internal/child_process.js:852:16)
14 verbose stack     at Process.ChildProcess._handle.onexit (internal/child_process.js:215:5)
15 verbose pkgid roots-wordpress@0.3.1
16 verbose cwd /Users/Olly/workspace/roots-wordpress-tags
17 error Darwin 15.6.0
18 error argv "/usr/local/bin/node" "/usr/local/bin/npm" "run" "test"
19 error node v6.2.2
20 error npm  v3.10.5
21 error code ELIFECYCLE
22 error roots-wordpress@0.3.1 test: `mocha`
22 error Exit status 3
23 error Failed at the roots-wordpress@0.3.1 test script 'mocha'.
23 error Make sure you have the latest version of node.js and npm installed.
23 error If you do, this is most likely a problem with the roots-wordpress package,
23 error not with npm itself.
23 error Tell the author that this fails on your system:
23 error     mocha
23 error You can get information on how to open an issue for this project with:
23 error     npm bugs roots-wordpress
23 error Or if that isn't available, you can get their info via:
23 error     npm owner ls roots-wordpress
23 error There is likely additional logging output above.
24 verbose exit [ 1, true ]
